[debug] [2026-05-30T17:54:17.026Z] ----------------------------------------------------------------------
[debug] [2026-05-30T17:54:17.028Z] Command:       /usr/local/share/nvm/versions/node/v24.14.0/bin/node /home/codespace/nvm/current/bin/firebase deploy --only hosting
[debug] [2026-05-30T17:54:17.028Z] CLI Version:   15.19.0
[debug] [2026-05-30T17:54:17.028Z] Platform:      linux
[debug] [2026-05-30T17:54:17.028Z] Node Version:  v24.14.0
[debug] [2026-05-30T17:54:17.028Z] Time:          Sat May 30 2026 17:54:17 GMT+0000 (Coordinated Universal Time)
[debug] [2026-05-30T17:54:17.028Z] ----------------------------------------------------------------------
[debug] 
[debug] [2026-05-30T17:54:18.145Z] > command requires scopes: ["email","openid","https://www.googleapis.com/auth/cloudplatformprojects.readonly","https://www.googleapis.com/auth/firebase","https://www.googleapis.com/auth/cloud-platform"]
[debug] [2026-05-30T17:54:18.147Z] > authorizing via signed-in user (shahidfatima785@gmail.com)
[debug] [2026-05-30T17:54:18.148Z] [iam] checking project docsense-eb270 for permissions ["firebase.projects.get","firebasehosting.sites.update"]
[debug] [2026-05-30T17:54:18.151Z] Checked if tokens are valid: true, expires at: 1780167099060
[debug] [2026-05-30T17:54:18.152Z] Checked if tokens are valid: true, expires at: 1780167099060
[debug] [2026-05-30T17:54:18.153Z] >>> [apiv2][query] POST https://cloudresourcemanager.googleapis.com/v1/projects/docsense-eb270:testIamPermissions [none]
[debug] [2026-05-30T17:54:18.153Z] >>> [apiv2][(partial)header] POST https://cloudresourcemanager.googleapis.com/v1/projects/docsense-eb270:testIamPermissions  x-goog-user-project=docsense-eb270
[debug] [2026-05-30T17:54:18.153Z] >>> [apiv2][body] POST https://cloudresourcemanager.googleapis.com/v1/projects/docsense-eb270:testIamPermissions {"permissions":["firebase.projects.get","firebasehosting.sites.update"]}
[debug] [2026-05-30T17:54:18.461Z] <<< [apiv2][status] POST https://cloudresourcemanager.googleapis.com/v1/projects/docsense-eb270:testIamPermissions 200
[debug] [2026-05-30T17:54:18.461Z] <<< [apiv2][body] POST https://cloudresourcemanager.googleapis.com/v1/projects/docsense-eb270:testIamPermissions {"permissions":["firebase.projects.get","firebasehosting.sites.update"]}
[debug] [2026-05-30T17:54:18.462Z] Checked if tokens are valid: true, expires at: 1780167099060
[debug] [2026-05-30T17:54:18.462Z] Checked if tokens are valid: true, expires at: 1780167099060
[debug] [2026-05-30T17:54:18.462Z] >>> [apiv2][query] GET https://firebase.googleapis.com/v1beta1/projects/docsense-eb270 [none]
[debug] [2026-05-30T17:54:18.836Z] <<< [apiv2][status] GET https://firebase.googleapis.com/v1beta1/projects/docsense-eb270 200
[debug] [2026-05-30T17:54:18.836Z] <<< [apiv2][body] GET https://firebase.googleapis.com/v1beta1/projects/docsense-eb270 {"projectId":"docsense-eb270","projectNumber":"65115863896","displayName":"docSense","name":"projects/docsense-eb270","resources":{"hostingSite":"docsense-eb270"},"state":"ACTIVE","etag":"1_4fab2470-5bcc-4746-a0c9-93dfae74a914"}
[info] 
[info] === Deploying to 'docsense-eb270'...
[info] 
[info] i  deploying hosting 
[debug] [2026-05-30T17:54:18.839Z] Checked if tokens are valid: true, expires at: 1780167099060
[debug] [2026-05-30T17:54:18.839Z] Checked if tokens are valid: true, expires at: 1780167099060
[debug] [2026-05-30T17:54:18.840Z] >>> [apiv2][query] GET https://firebasehosting.googleapis.com/v1beta1/projects/docsense-eb270/sites/docsense-eb270 [none]
[debug] [2026-05-30T17:54:20.005Z] <<< [apiv2][status] GET https://firebasehosting.googleapis.com/v1beta1/projects/docsense-eb270/sites/docsense-eb270 200
[debug] [2026-05-30T17:54:20.005Z] <<< [apiv2][body] GET https://firebasehosting.googleapis.com/v1beta1/projects/docsense-eb270/sites/docsense-eb270 {"name":"projects/docsense-eb270/sites/docsense-eb270","defaultUrl":"https://docsense-eb270.web.app","type":"DEFAULT_SITE"}
[debug] [2026-05-30T17:54:20.007Z] Checked if tokens are valid: true, expires at: 1780167099060
[debug] [2026-05-30T17:54:20.008Z] Checked if tokens are valid: true, expires at: 1780167099060
[debug] [2026-05-30T17:54:20.008Z] >>> [apiv2][query] POST https://firebasehosting.googleapis.com/v1beta1/projects/-/sites/docsense-eb270/versions [none]
[debug] [2026-05-30T17:54:20.008Z] >>> [apiv2][body] POST https://firebasehosting.googleapis.com/v1beta1/projects/-/sites/docsense-eb270/versions {"status":"CREATED","labels":{"deployment-tool":"cli-firebase"}}
[debug] [2026-05-30T17:54:20.959Z] <<< [apiv2][status] POST https://firebasehosting.googleapis.com/v1beta1/projects/-/sites/docsense-eb270/versions 200
[debug] [2026-05-30T17:54:20.959Z] <<< [apiv2][body] POST https://firebasehosting.googleapis.com/v1beta1/projects/-/sites/docsense-eb270/versions {"name":"projects/65115863896/sites/docsense-eb270/versions/f4d0bcc8594d81e6","status":"CREATED","config":{},"labels":{"deployment-tool":"cli-firebase"}}
[info] i  hosting[docsense-eb270]: beginning deploy... 
[info] i  hosting[docsense-eb270]: found 50 files in out 
[debug] [2026-05-30T17:54:20.985Z] [hosting] uploading with 200 concurrency
[debug] [2026-05-30T17:54:21.115Z] Checked if tokens are valid: true, expires at: 1780167099060
[debug] [2026-05-30T17:54:21.116Z] Checked if tokens are valid: true, expires at: 1780167099060
[debug] [2026-05-30T17:54:21.116Z] [hosting] hash cache [b3V0] stored for 50 files
[debug] [2026-05-30T17:54:21.117Z] [hosting][hash queue][FINAL] {"max":126,"min":36,"avg":43.52,"active":0,"complete":50,"success":50,"errored":0,"retried":0,"total":50,"elapsed":129}
[debug] [2026-05-30T17:54:21.117Z] >>> [apiv2][query] POST https://firebasehosting.googleapis.com/v1beta1/projects/65115863896/sites/docsense-eb270/versions/f4d0bcc8594d81e6:populateFiles [none]
[debug] [2026-05-30T17:54:21.117Z] >>> [apiv2][body] POST https://firebasehosting.googleapis.com/v1beta1/projects/65115863896/sites/docsense-eb270/versions/f4d0bcc8594d81e6:populateFiles {"files":{"/window.svg":"ba7b3f63b42200bf802d94850c49bc8cef1d0bdb2b70353f4532822765703426","/vercel.svg":"4e5d8a3c607fab92ddd63ce0fe25c7bde485d5900e8dd240fd6ae7ba787108b7","/next.svg":"181fa108bff84137e92c71370f54f0f918257d72471f3f4c396af9773af3da2b","/index.txt":"086016af4af9b027bce9aed7757b86148dc2d63249aa448863f29ce0cdff2d51","/index.html":"7e5b491726383f940894cbd33d64a8c10907e3d85856aa96ce8ac866676ce909","/globe.svg":"66301814319b70818031fea043afbe8a63afcc52cf7c5887482ce54563d6c467","/file.svg":"27901bd0b6a4d85ec10e16b6953df4f5dcbeb5a8fd7f68d0ff18b9b85f90b2bb","/__next._tree.txt":"fcbebab166b5876a2f61c3daa046e39e1886541a6e87a4d677263bf683aab87c","/__next._index.txt":"cc99b1e48475d850d628566ba906495511cace81c06ec617f39d4c3e10035b10","/__next._head.txt":"654b7b7c15cad6bfc860f4c8756ca0399d5a79d91ba4d1b795cfeb2a30902252","/__next._full.txt":"086016af4af9b027bce9aed7757b86148dc2d63249aa448863f29ce0cdff2d51","/__next.__PAGE__.txt":"20bac397cc6d36b0fa23b36d9bdf1e46e2b2978f51059e08d4d039593c86ef78","/404.html":"b0179833a23fa34da8a0a88edf548265f6bbc3dd0a87d1bd0683c1c164124e15","/_not-found/index.txt":"85c35d6be2495cf4a2e4ab3e4985f39187f2b24a75d80e12cdbda4bee5ff57e3","/_not-found/index.html":"b0179833a23fa34da8a0a88edf548265f6bbc3dd0a87d1bd0683c1c164124e15","/_not-found/__next._not-found.txt":"2938b6734a3a3272adff2767a7bc13238d719cc6afb2d772d27fa95287cecff6","/_not-found/__next._not-found.__PAGE__.txt":"f629f5e4b23819dac3c2e79b29e07bc2224ba256ba2ae2e76408fd807f2a5000","/_not-found/__next._index.txt":"cc99b1e48475d850d628566ba906495511cace81c06ec617f39d4c3e10035b10","/_not-found/__next._head.txt":"af59da6d465e03c542be76347ed1bac014f3796af2a9564537ae8c3209433241","/_not-found/__next._full.txt":"85c35d6be2495cf4a2e4ab3e4985f39187f2b24a75d80e12cdbda4bee5ff57e3","/_next/static/oBXftDrm4w67T3qrjFPVt/_ssgManifest.js":"d8d8790f4e673a23bec506f00699bed8a258ac0e4965bb1ca8598172cfc0ec97","/_next/static/oBXftDrm4w67T3qrjFPVt/_clientMiddlewareManifest.js":"2631856c85d9b699e000e7d40645259aafc1454d09f58f6ff9f9b13bfce1d552","/_next/static/oBXftDrm4w67T3qrjFPVt/_buildManifest.js":"eadf3650017b2094542d95eeda190a7ef5689624c557c1c1ae4d5a0d53057195","/_next/static/media/fef07dbb0973bf53-s.12tyk43_3sh9u.woff2":"e9eaea34754a89986914cb40d997fbb22e79d24e9757365eca3e49a0c6de8522","/_not-found/__next._tree.txt":"9286191452d0c616502bbcac57223ae664d9d6b15934054f6a4d313d242ab565","/_next/static/media/bbc41e54d2fcbd21-s.0mvwgmnhv29no.woff2":"56ecf4a7462915a7b6d6c1630b9cb8cfd0005f63afd1778e4ddc1223c9aef875","/_next/static/media/favicon.0x3dzn~oxb6tn.ico":"95de7e616394c2ef46c6a2f6a61f2184ac35f10d2934234aa8cf7b597bb24cfb","/_next/static/media/7d817b4c03b0c5f1-s.0uzt.a6d44yda.woff2":"d96a55a25a00f5c7914e530572473c86daf01044e8e5a825b4773c8cb12511df","/_next/static/media/8a480f0b521d4e75-s.0jzbimsg8vl84.woff2":"acb1fd89b210fa277fe5a7108ebd5bdfbdd8ac00d6352f3c78ee8d1926a43678","/_next/static/media/5ce348bf30bf5439-s.0ee55_hj9qcer.woff2":"bde241288fced43710bacebd006ff6b910bc13999fd7c4d865a7209f60c4ace8","/_next/static/media/4fa387ec64143e14-s.0.qu-9752pffj.woff2":"1574dce7fbefb17fad3e15dcaa51b8d2d5eb7a71f40b38a7bc8a28f78ae7afde","/_next/static/media/53b9e256198e5412-s.0-wfv7uh4i7h9.woff2":"28f3afc4cade779d351f9f3af648ac7e4606c7421dfbd33c3534bb8e3e26f981","/_next/static/chunks/turbopack-0cek.dh0dqtgy.js":"44d50c85a57cf3f5bd732224679f02c770689c99e5b5bf180b1b3afd30394cf2","/favicon.ico":"95de7e616394c2ef46c6a2f6a61f2184ac35f10d2934234aa8cf7b597bb24cfb","/_next/static/chunks/0t6upnvsfjbh6.css":"ab1684a6401c0418c57735d24fa8bc0c6bfce684fd66680339f64eada867365a","/_next/static/chunks/0oka~1n1~5kf6.js":"1aea918837c257c221a4606ee72a0ef793765e81dae5538146ee88ce97c59401","/_next/static/media/6306c77e7c8268e4-s.0mao5jbfbduzp.woff2":"3cd81a784d7a612318233d1840c4c067afb85480991a396f434722195914e3fc","/_next/static/chunks/0dbhjjzl8qfwv.js":"f5b718ed461f6d64ebc713937d64eabdc7faca6b3c034f61eb3583b70c78d3e4","/_next/static/chunks/02sqjbepwp7uy.js":"63df869866f39b92c8368b9dd4caf268f73993f9965b74f187007a77076cee35","/404/index.html":"b0179833a23fa34da8a0a88edf548265f6bbc3dd0a87d1bd0683c1c164124e15","/_next/static/media/caa3a2e1cccd8315-s.p.09~u27dqhyhd6.woff2":"05ce859f306246e008c2e53c6005681d983093b1f85c564e68c79c5407c49601","/_next/static/media/7178b3e590c64307-s.0nx0ww8fni_q3.woff2":"488fb413e1a3c95b46058039e15f8f84e52520ae01b5060b773d2a340810ad86","/_next/static/media/797e433ab948586e-s.p.09zddjkbdep5a.woff2":"333816f98030a60b28a58710934b9268128fc20457af3eca7b6b7164f8a3404a","/_next/static/chunks/0ht900cau6_ur.js":"db0ddc1f4ad8d65a88e93d3c873ab9e8626bcf9748563d4e02f2f539ebf26d02","/_next/static/chunks/03~yq9q893hmn.js":"45b36f93bb08c52e360d14b0e8449c88770aa8cf5d59bff1c76cbe6e198fe7c5","/_next/static/chunks/0t2z5hkh7v~~b.js":"2857aaf387bba13eceb705ccd622beb976260a6acb5616dc0e87db5f0c1952b0","/_next/static/chunks/07lhk_q6pmm3r.js":"4b25ddefa6eb8cbf76bc862e0c80737434ca208e99b0c1d95883b86fc6a27042","/_next/static/chunks/0tayqrbreopc1.js":"4ca1569dcebdd82c7476d1e006cfc6ae1fed88044bb99900e09468e8ac15c5c4","/_next/static/chunks/0unpjadv3a959.js":"6774ddedd0aeb9c576ae95a94cc9fc9ebcd7c9047ff2540b66fb8b46a090f704","/pdf.worker.min.mjs":"d278b536780129336e5c3660058cbc4fa102222781f30072562405f5ba3cf7b5"}}
[debug] [2026-05-30T17:54:21.930Z] <<< [apiv2][status] POST https://firebasehosting.googleapis.com/v1beta1/projects/65115863896/sites/docsense-eb270/versions/f4d0bcc8594d81e6:populateFiles 200
[debug] [2026-05-30T17:54:21.930Z] <<< [apiv2][body] POST https://firebasehosting.googleapis.com/v1beta1/projects/65115863896/sites/docsense-eb270/versions/f4d0bcc8594d81e6:populateFiles {"uploadRequiredHashes":["f629f5e4b23819dac3c2e79b29e07bc2224ba256ba2ae2e76408fd807f2a5000","af59da6d465e03c542be76347ed1bac014f3796af2a9564537ae8c3209433241","654b7b7c15cad6bfc860f4c8756ca0399d5a79d91ba4d1b795cfeb2a30902252","85c35d6be2495cf4a2e4ab3e4985f39187f2b24a75d80e12cdbda4bee5ff57e3","9286191452d0c616502bbcac57223ae664d9d6b15934054f6a4d313d242ab565","2938b6734a3a3272adff2767a7bc13238d719cc6afb2d772d27fa95287cecff6","cc99b1e48475d850d628566ba906495511cace81c06ec617f39d4c3e10035b10","b0179833a23fa34da8a0a88edf548265f6bbc3dd0a87d1bd0683c1c164124e15","20bac397cc6d36b0fa23b36d9bdf1e46e2b2978f51059e08d4d039593c86ef78","086016af4af9b027bce9aed7757b86148dc2d63249aa448863f29ce0cdff2d51","7e5b491726383f940894cbd33d64a8c10907e3d85856aa96ce8ac866676ce909","fcbebab166b5876a2f61c3daa046e39e1886541a6e87a4d677263bf683aab87c"],"uploadUrl":"https://upload-firebasehosting.googleapis.com/upload/sites/docsense-eb270/versions/f4d0bcc8594d81e6/files"}
[debug] [2026-05-30T17:54:21.931Z] Checked if tokens are valid: true, expires at: 1780167099060
[debug] [2026-05-30T17:54:21.931Z] Checked if tokens are valid: true, expires at: 1780167099060
[debug] [2026-05-30T17:54:21.931Z] Checked if tokens are valid: true, expires at: 1780167099060
[debug] [2026-05-30T17:54:21.931Z] Checked if tokens are valid: true, expires at: 1780167099060
[debug] [2026-05-30T17:54:21.931Z] Checked if tokens are valid: true, expires at: 1780167099060
[debug] [2026-05-30T17:54:21.931Z] Checked if tokens are valid: true, expires at: 1780167099060
[debug] [2026-05-30T17:54:21.932Z] Checked if tokens are valid: true, expires at: 1780167099060
[debug] [2026-05-30T17:54:21.932Z] Checked if tokens are valid: true, expires at: 1780167099060
[debug] [2026-05-30T17:54:21.932Z] Checked if tokens are valid: true, expires at: 1780167099060
[debug] [2026-05-30T17:54:21.932Z] Checked if tokens are valid: true, expires at: 1780167099060
[debug] [2026-05-30T17:54:21.932Z] Checked if tokens are valid: true, expires at: 1780167099060
[debug] [2026-05-30T17:54:21.932Z] Checked if tokens are valid: true, expires at: 1780167099060
[debug] [2026-05-30T17:54:21.932Z] Checked if tokens are valid: true, expires at: 1780167099060
[debug] [2026-05-30T17:54:21.932Z] Checked if tokens are valid: true, expires at: 1780167099060
[debug] [2026-05-30T17:54:21.933Z] Checked if tokens are valid: true, expires at: 1780167099060
[debug] [2026-05-30T17:54:21.933Z] Checked if tokens are valid: true, expires at: 1780167099060
[debug] [2026-05-30T17:54:21.933Z] Checked if tokens are valid: true, expires at: 1780167099060
[debug] [2026-05-30T17:54:21.933Z] Checked if tokens are valid: true, expires at: 1780167099060
[debug] [2026-05-30T17:54:21.933Z] Checked if tokens are valid: true, expires at: 1780167099060
[debug] [2026-05-30T17:54:21.933Z] Checked if tokens are valid: true, expires at: 1780167099060
[debug] [2026-05-30T17:54:21.933Z] Checked if tokens are valid: true, expires at: 1780167099060
[debug] [2026-05-30T17:54:21.933Z] Checked if tokens are valid: true, expires at: 1780167099060
[debug] [2026-05-30T17:54:21.933Z] Checked if tokens are valid: true, expires at: 1780167099060
[debug] [2026-05-30T17:54:21.933Z] Checked if tokens are valid: true, expires at: 1780167099060
[debug] [2026-05-30T17:54:21.933Z] >>> [apiv2][query] POST https://upload-firebasehosting.googleapis.com/upload/sites/docsense-eb270/versions/f4d0bcc8594d81e6/files/f629f5e4b23819dac3c2e79b29e07bc2224ba256ba2ae2e76408fd807f2a5000 [none]
[debug] [2026-05-30T17:54:21.933Z] >>> [apiv2][body] POST https://upload-firebasehosting.googleapis.com/upload/sites/docsense-eb270/versions/f4d0bcc8594d81e6/files/f629f5e4b23819dac3c2e79b29e07bc2224ba256ba2ae2e76408fd807f2a5000 [stream]
[debug] [2026-05-30T17:54:21.934Z] >>> [apiv2][query] POST https://upload-firebasehosting.googleapis.com/upload/sites/docsense-eb270/versions/f4d0bcc8594d81e6/files/af59da6d465e03c542be76347ed1bac014f3796af2a9564537ae8c3209433241 [none]
[debug] [2026-05-30T17:54:21.935Z] >>> [apiv2][body] POST https://upload-firebasehosting.googleapis.com/upload/sites/docsense-eb270/versions/f4d0bcc8594d81e6/files/af59da6d465e03c542be76347ed1bac014f3796af2a9564537ae8c3209433241 [stream]
[debug] [2026-05-30T17:54:21.936Z] >>> [apiv2][query] POST https://upload-firebasehosting.googleapis.com/upload/sites/docsense-eb270/versions/f4d0bcc8594d81e6/files/654b7b7c15cad6bfc860f4c8756ca0399d5a79d91ba4d1b795cfeb2a30902252 [none]
[debug] [2026-05-30T17:54:21.936Z] >>> [apiv2][body] POST https://upload-firebasehosting.googleapis.com/upload/sites/docsense-eb270/versions/f4d0bcc8594d81e6/files/654b7b7c15cad6bfc860f4c8756ca0399d5a79d91ba4d1b795cfeb2a30902252 [stream]
[debug] [2026-05-30T17:54:21.937Z] >>> [apiv2][query] POST https://upload-firebasehosting.googleapis.com/upload/sites/docsense-eb270/versions/f4d0bcc8594d81e6/files/85c35d6be2495cf4a2e4ab3e4985f39187f2b24a75d80e12cdbda4bee5ff57e3 [none]
[debug] [2026-05-30T17:54:21.937Z] >>> [apiv2][body] POST https://upload-firebasehosting.googleapis.com/upload/sites/docsense-eb270/versions/f4d0bcc8594d81e6/files/85c35d6be2495cf4a2e4ab3e4985f39187f2b24a75d80e12cdbda4bee5ff57e3 [stream]
[debug] [2026-05-30T17:54:21.938Z] >>> [apiv2][query] POST https://upload-firebasehosting.googleapis.com/upload/sites/docsense-eb270/versions/f4d0bcc8594d81e6/files/9286191452d0c616502bbcac57223ae664d9d6b15934054f6a4d313d242ab565 [none]
[debug] [2026-05-30T17:54:21.938Z] >>> [apiv2][body] POST https://upload-firebasehosting.googleapis.com/upload/sites/docsense-eb270/versions/f4d0bcc8594d81e6/files/9286191452d0c616502bbcac57223ae664d9d6b15934054f6a4d313d242ab565 [stream]
[debug] [2026-05-30T17:54:21.940Z] >>> [apiv2][query] POST https://upload-firebasehosting.googleapis.com/upload/sites/docsense-eb270/versions/f4d0bcc8594d81e6/files/2938b6734a3a3272adff2767a7bc13238d719cc6afb2d772d27fa95287cecff6 [none]
[debug] [2026-05-30T17:54:21.940Z] >>> [apiv2][body] POST https://upload-firebasehosting.googleapis.com/upload/sites/docsense-eb270/versions/f4d0bcc8594d81e6/files/2938b6734a3a3272adff2767a7bc13238d719cc6afb2d772d27fa95287cecff6 [stream]
[debug] [2026-05-30T17:54:21.941Z] >>> [apiv2][query] POST https://upload-firebasehosting.googleapis.com/upload/sites/docsense-eb270/versions/f4d0bcc8594d81e6/files/cc99b1e48475d850d628566ba906495511cace81c06ec617f39d4c3e10035b10 [none]
[debug] [2026-05-30T17:54:21.941Z] >>> [apiv2][body] POST https://upload-firebasehosting.googleapis.com/upload/sites/docsense-eb270/versions/f4d0bcc8594d81e6/files/cc99b1e48475d850d628566ba906495511cace81c06ec617f39d4c3e10035b10 [stream]
[debug] [2026-05-30T17:54:21.942Z] >>> [apiv2][query] POST https://upload-firebasehosting.googleapis.com/upload/sites/docsense-eb270/versions/f4d0bcc8594d81e6/files/b0179833a23fa34da8a0a88edf548265f6bbc3dd0a87d1bd0683c1c164124e15 [none]
[debug] [2026-05-30T17:54:21.942Z] >>> [apiv2][body] POST https://upload-firebasehosting.googleapis.com/upload/sites/docsense-eb270/versions/f4d0bcc8594d81e6/files/b0179833a23fa34da8a0a88edf548265f6bbc3dd0a87d1bd0683c1c164124e15 [stream]
[debug] [2026-05-30T17:54:21.943Z] >>> [apiv2][query] POST https://upload-firebasehosting.googleapis.com/upload/sites/docsense-eb270/versions/f4d0bcc8594d81e6/files/20bac397cc6d36b0fa23b36d9bdf1e46e2b2978f51059e08d4d039593c86ef78 [none]
[debug] [2026-05-30T17:54:21.943Z] >>> [apiv2][body] POST https://upload-firebasehosting.googleapis.com/upload/sites/docsense-eb270/versions/f4d0bcc8594d81e6/files/20bac397cc6d36b0fa23b36d9bdf1e46e2b2978f51059e08d4d039593c86ef78 [stream]
[debug] [2026-05-30T17:54:21.944Z] >>> [apiv2][query] POST https://upload-firebasehosting.googleapis.com/upload/sites/docsense-eb270/versions/f4d0bcc8594d81e6/files/086016af4af9b027bce9aed7757b86148dc2d63249aa448863f29ce0cdff2d51 [none]
[debug] [2026-05-30T17:54:21.944Z] >>> [apiv2][body] POST https://upload-firebasehosting.googleapis.com/upload/sites/docsense-eb270/versions/f4d0bcc8594d81e6/files/086016af4af9b027bce9aed7757b86148dc2d63249aa448863f29ce0cdff2d51 [stream]
[debug] [2026-05-30T17:54:21.945Z] >>> [apiv2][query] POST https://upload-firebasehosting.googleapis.com/upload/sites/docsense-eb270/versions/f4d0bcc8594d81e6/files/7e5b491726383f940894cbd33d64a8c10907e3d85856aa96ce8ac866676ce909 [none]
[debug] [2026-05-30T17:54:21.945Z] >>> [apiv2][body] POST https://upload-firebasehosting.googleapis.com/upload/sites/docsense-eb270/versions/f4d0bcc8594d81e6/files/7e5b491726383f940894cbd33d64a8c10907e3d85856aa96ce8ac866676ce909 [stream]
[debug] [2026-05-30T17:54:21.946Z] >>> [apiv2][query] POST https://upload-firebasehosting.googleapis.com/upload/sites/docsense-eb270/versions/f4d0bcc8594d81e6/files/fcbebab166b5876a2f61c3daa046e39e1886541a6e87a4d677263bf683aab87c [none]
[debug] [2026-05-30T17:54:21.946Z] >>> [apiv2][body] POST https://upload-firebasehosting.googleapis.com/upload/sites/docsense-eb270/versions/f4d0bcc8594d81e6/files/fcbebab166b5876a2f61c3daa046e39e1886541a6e87a4d677263bf683aab87c [stream]
[debug] [2026-05-30T17:54:21.947Z] [hosting][populate queue][FINAL] {"max":818,"min":818,"avg":818,"active":0,"complete":1,"success":1,"errored":0,"retried":0,"total":1,"elapsed":832}
[debug] [2026-05-30T17:54:21.947Z] [hosting] uploads queued: 12
[debug] [2026-05-30T17:54:23.354Z] <<< [apiv2][status] POST https://upload-firebasehosting.googleapis.com/upload/sites/docsense-eb270/versions/f4d0bcc8594d81e6/files/fcbebab166b5876a2f61c3daa046e39e1886541a6e87a4d677263bf683aab87c 200
[debug] [2026-05-30T17:54:23.354Z] <<< [apiv2][body] POST https://upload-firebasehosting.googleapis.com/upload/sites/docsense-eb270/versions/f4d0bcc8594d81e6/files/fcbebab166b5876a2f61c3daa046e39e1886541a6e87a4d677263bf683aab87c [stream]
[debug] [2026-05-30T17:54:23.398Z] <<< [apiv2][status] POST https://upload-firebasehosting.googleapis.com/upload/sites/docsense-eb270/versions/f4d0bcc8594d81e6/files/b0179833a23fa34da8a0a88edf548265f6bbc3dd0a87d1bd0683c1c164124e15 200
[debug] [2026-05-30T17:54:23.398Z] <<< [apiv2][body] POST https://upload-firebasehosting.googleapis.com/upload/sites/docsense-eb270/versions/f4d0bcc8594d81e6/files/b0179833a23fa34da8a0a88edf548265f6bbc3dd0a87d1bd0683c1c164124e15 [stream]
[debug] [2026-05-30T17:54:23.440Z] <<< [apiv2][status] POST https://upload-firebasehosting.googleapis.com/upload/sites/docsense-eb270/versions/f4d0bcc8594d81e6/files/af59da6d465e03c542be76347ed1bac014f3796af2a9564537ae8c3209433241 200
[debug] [2026-05-30T17:54:23.440Z] <<< [apiv2][body] POST https://upload-firebasehosting.googleapis.com/upload/sites/docsense-eb270/versions/f4d0bcc8594d81e6/files/af59da6d465e03c542be76347ed1bac014f3796af2a9564537ae8c3209433241 [stream]
[debug] [2026-05-30T17:54:23.446Z] <<< [apiv2][status] POST https://upload-firebasehosting.googleapis.com/upload/sites/docsense-eb270/versions/f4d0bcc8594d81e6/files/85c35d6be2495cf4a2e4ab3e4985f39187f2b24a75d80e12cdbda4bee5ff57e3 200
[debug] [2026-05-30T17:54:23.446Z] <<< [apiv2][body] POST https://upload-firebasehosting.googleapis.com/upload/sites/docsense-eb270/versions/f4d0bcc8594d81e6/files/85c35d6be2495cf4a2e4ab3e4985f39187f2b24a75d80e12cdbda4bee5ff57e3 [stream]
[debug] [2026-05-30T17:54:23.480Z] <<< [apiv2][status] POST https://upload-firebasehosting.googleapis.com/upload/sites/docsense-eb270/versions/f4d0bcc8594d81e6/files/20bac397cc6d36b0fa23b36d9bdf1e46e2b2978f51059e08d4d039593c86ef78 200
[debug] [2026-05-30T17:54:23.484Z] <<< [apiv2][body] POST https://upload-firebasehosting.googleapis.com/upload/sites/docsense-eb270/versions/f4d0bcc8594d81e6/files/20bac397cc6d36b0fa23b36d9bdf1e46e2b2978f51059e08d4d039593c86ef78 [stream]
[debug] [2026-05-30T17:54:23.485Z] <<< [apiv2][status] POST https://upload-firebasehosting.googleapis.com/upload/sites/docsense-eb270/versions/f4d0bcc8594d81e6/files/cc99b1e48475d850d628566ba906495511cace81c06ec617f39d4c3e10035b10 200
[debug] [2026-05-30T17:54:23.485Z] <<< [apiv2][body] POST https://upload-firebasehosting.googleapis.com/upload/sites/docsense-eb270/versions/f4d0bcc8594d81e6/files/cc99b1e48475d850d628566ba906495511cace81c06ec617f39d4c3e10035b10 [stream]
[debug] [2026-05-30T17:54:23.489Z] <<< [apiv2][status] POST https://upload-firebasehosting.googleapis.com/upload/sites/docsense-eb270/versions/f4d0bcc8594d81e6/files/086016af4af9b027bce9aed7757b86148dc2d63249aa448863f29ce0cdff2d51 200
[debug] [2026-05-30T17:54:23.491Z] <<< [apiv2][body] POST https://upload-firebasehosting.googleapis.com/upload/sites/docsense-eb270/versions/f4d0bcc8594d81e6/files/086016af4af9b027bce9aed7757b86148dc2d63249aa448863f29ce0cdff2d51 [stream]
[debug] [2026-05-30T17:54:23.500Z] <<< [apiv2][status] POST https://upload-firebasehosting.googleapis.com/upload/sites/docsense-eb270/versions/f4d0bcc8594d81e6/files/654b7b7c15cad6bfc860f4c8756ca0399d5a79d91ba4d1b795cfeb2a30902252 200
[debug] [2026-05-30T17:54:23.501Z] <<< [apiv2][body] POST https://upload-firebasehosting.googleapis.com/upload/sites/docsense-eb270/versions/f4d0bcc8594d81e6/files/654b7b7c15cad6bfc860f4c8756ca0399d5a79d91ba4d1b795cfeb2a30902252 [stream]
[debug] [2026-05-30T17:54:23.594Z] <<< [apiv2][status] POST https://upload-firebasehosting.googleapis.com/upload/sites/docsense-eb270/versions/f4d0bcc8594d81e6/files/2938b6734a3a3272adff2767a7bc13238d719cc6afb2d772d27fa95287cecff6 200
[debug] [2026-05-30T17:54:23.596Z] <<< [apiv2][body] POST https://upload-firebasehosting.googleapis.com/upload/sites/docsense-eb270/versions/f4d0bcc8594d81e6/files/2938b6734a3a3272adff2767a7bc13238d719cc6afb2d772d27fa95287cecff6 [stream]
[debug] [2026-05-30T17:54:23.640Z] <<< [apiv2][status] POST https://upload-firebasehosting.googleapis.com/upload/sites/docsense-eb270/versions/f4d0bcc8594d81e6/files/f629f5e4b23819dac3c2e79b29e07bc2224ba256ba2ae2e76408fd807f2a5000 200
[debug] [2026-05-30T17:54:23.640Z] <<< [apiv2][body] POST https://upload-firebasehosting.googleapis.com/upload/sites/docsense-eb270/versions/f4d0bcc8594d81e6/files/f629f5e4b23819dac3c2e79b29e07bc2224ba256ba2ae2e76408fd807f2a5000 [stream]
[debug] [2026-05-30T17:54:23.739Z] <<< [apiv2][status] POST https://upload-firebasehosting.googleapis.com/upload/sites/docsense-eb270/versions/f4d0bcc8594d81e6/files/7e5b491726383f940894cbd33d64a8c10907e3d85856aa96ce8ac866676ce909 200
[debug] [2026-05-30T17:54:23.740Z] <<< [apiv2][body] POST https://upload-firebasehosting.googleapis.com/upload/sites/docsense-eb270/versions/f4d0bcc8594d81e6/files/7e5b491726383f940894cbd33d64a8c10907e3d85856aa96ce8ac866676ce909 [stream]
